<?xml version="1.0" encoding="UTF-8"?>
<!-- Generated by org.testng.reporters.JUnitReportReporter -->
<testsuite hostname="ITSVR" name="com.vcmp.tests.LoginPageTest" tests="2" failures="0" timestamp="3 May 2018 08:42:09 GMT" time="16.317" errors="0">
  <testcase name="LoginPageTitleTest" time="7.566" classname="com.vcmp.tests.LoginPageTest"/>
  <testcase name="loginTest" time="8.751" classname="com.vcmp.tests.LoginPageTest"/>
</testsuite> <!-- com.vcmp.tests.LoginPageTest -->
