<?xml version="1.0" encoding="UTF-8"?>
<!-- Generated by org.testng.reporters.JUnitReportReporter -->
<testsuite hostname="ITSVR" name="com.vcmp.tests.HomePageTest" tests="3" failures="0" timestamp="3 May 2018 08:42:09 GMT" time="27.106" errors="0">
  <testcase name="ValidateHomePageTitleTest" time="6.675" classname="com.vcmp.tests.HomePageTest"/>
  <testcase name="VerifyExportTest" time="12.282" classname="com.vcmp.tests.HomePageTest"/>
  <testcase name="verifyUserActionLog" time="8.149" classname="com.vcmp.tests.HomePageTest"/>
</testsuite> <!-- com.vcmp.tests.HomePageTest -->
